<?xml version="1.0" encoding="UTF-8"?>
<!-- Generated by org.testng.reporters.JUnitReportReporter -->
<testsuite hostname="Yehia-pc" failures="0" tests="1" name="testCases.TC02_CreateBooking" time="7.513" errors="0" timestamp="2024-02-23T10:17:45 EET" skipped="0">
  <testcase classname="testCases.TC02_CreateBooking" name="createBooking_P" time="7.513"/>
  <system-out/>
</testsuite> <!-- testCases.TC02_CreateBooking -->
